# do {tb_kara_128bit_compile.do}
# ** Warning: (vlib-34) Library already exists at "modelsim_lib/work".
# ** Warning: (vlib-34) Library already exists at "modelsim_lib/msim".
# ** Warning: (vlib-34) Library already exists at "modelsim_lib/msim/xil_defaultlib".
# Model Technology ModelSim SE-64 vmap 10.6d Lib Mapping Utility 2018.02 Feb 24 2018
# vmap xil_defaultlib modelsim_lib/msim/xil_defaultlib 
# Modifying C:\modeltech64_10.6d\Xilinx_lib\modelsim.ini
# ** Warning: (vlog-159) Mode option -64 is not supported in this context and will be ignored.
# Model Technology ModelSim SE-64 vlog 10.6d Compiler 2018.02 Feb 24 2018
# Start time: 22:22:46 on Sep 05,2020
# vlog -64 -incr -work xil_defaultlib ../../../../karatsuba_mult.srcs/sources_1/ip/mult_signed_18bit/mult_signed_18bit_sim_netlist.v ../../../../karatsuba_mult.srcs/sources_1/new/kara_mult_34bit.v ../../../../karatsuba_mult.srcs/sources_1/new/kara_mult_66bit.v ../../../../karatsuba_mult.srcs/sources_1/new/karatsuba_top.v ../../../../karatsuba_mult.srcs/sim_1/new/tb_kara_128bit.v 
# -- Skipping module mult_signed_18bit
# -- Skipping module mult_signed_18bit_mult_gen_v12_0_14
# -- Compiling module glbl
# -- Skipping module kara_mult_34bit
# -- Skipping module kara_mult_66bit
# -- Skipping module karatsuba_top
# -- Skipping module tb_kara_128bit
# 
# Top level modules:
# 	glbl
# 	tb_kara_128bit
# End time: 22:22:47 on Sep 05,2020, Elapsed time: 0:00:01
# Errors: 0, Warnings: 1
# Model Technology ModelSim SE-64 vlog 10.6d Compiler 2018.02 Feb 24 2018
# Start time: 22:22:47 on Sep 05,2020
# vlog -work xil_defaultlib glbl.v 
# -- Compiling module glbl
# 
# Top level modules:
# 	glbl
# End time: 22:22:47 on Sep 05,2020, Elapsed time: 0:00:00
# Errors: 0, Warnings: 0
