# //  ModelSim SE-64 10.6d Feb 24 2018
# //
# //  Copyright 1991-2018 Mentor Graphics Corporation
# //  All Rights Reserved.
# //
# //  ModelSim SE-64 and its associated documentation contain trade
# //  secrets and commercial or financial information that are the property of
# //  Mentor Graphics Corporation and are privileged, confidential,
# //  and exempt from disclosure under the Freedom of Information Act,
# //  5 U.S.C. Section 552. Furthermore, this information
# //  is prohibited from disclosure under the Trade Secrets Act,
# //  18 U.S.C. Section 1905.
# //
# do {tb_kara_128bit_simulate.do}
# vsim -voptargs=""+acc"" -L xil_defaultlib -L unisims_ver -L unimacro_ver -L secureip -L xpm -lib xil_defaultlib xil_defaultlib.tb_kara_128bit xil_defaultlib.glbl 
# Start time: 22:23:02 on Sep 05,2020
# ** Warning: (vsim-8891) All optimizations are turned off because the -novopt switch is in effect. This will cause your simulation to run very slowly. If you are using this switch to preserve visibility for Debug or PLI features please see the User's Manual section on Preserving Object Visibility with vopt.
# Loading xil_defaultlib.tb_kara_128bit
# Loading xil_defaultlib.karatsuba_top
# Loading xil_defaultlib.kara_mult_66bit
# Loading xil_defaultlib.kara_mult_34bit
# Loading xil_defaultlib.mult_signed_18bit
# Loading xil_defaultlib.mult_signed_18bit_mult_gen_v12_0_14
# Loading unisims_ver.GND
# Loading unisims_ver.DSP48E1
# Loading xil_defaultlib.glbl
# 1
# 1
# .main_pane.wave.interior.cs.body.pw.wf
# .main_pane.structure.interior.cs.body.struct
# .main_pane.objects.interior.cs.body.tree
# End time: 21:39:19 on Sep 06,2020, Elapsed time: 23:16:17
# Errors: 0, Warnings: 1
